#
# A fatal error has been detected by the Java Runtime Environment:
#
#  SIGSEGV (0xb) at pc=0x000000010db333a9, pid=3769, tid=20227
#
# JRE version: Java(TM) SE Runtime Environment (7.0_51-b13) (build 1.7.0_51-b13)
# Java VM: Java HotSpot(TM) 64-Bit Server VM (24.51-b03 mixed mode bsd-amd64 compressed oops)
# Problematic frame:
# V  [libjvm.dylib+0x3333a9]  jvmti_IsMethodSynthetic+0xe6
#
# Failed to write core dump. Core dumps have been disabled. To enable core dumping, try "ulimit -c unlimited" before starting Java again
#
# If you would like to submit a bug report, please visit:
#   http://bugreport.sun.com/bugreport/crash.jsp
#

---------------  T H R E A D  ---------------

Current thread (0x00007fa825000000):  JavaThread "JDWP Transport Listener: dt_socket" daemon [_thread_in_vm, id=20227, stack(0x000000011d867000,0x000000011d967000)]

siginfo:si_signo=SIGSEGV: si_errno=0, si_code=0 (SEGV0), si_addr=0x0000000000000000

Registers:
RAX=0x000000010df705c0, RBX=0x000000011d966a8b, RCX=0x00000000000fc003, RDX=0x000000011d966a8b
RSP=0x000000011d9669f0, RBP=0x000000011d966a40, RSI=0x00007fa825000000, RDI=0x00007fa821e001b0
R8 =0x00007fa821f11760, R9 =0x0000000000000000, R10=0x00000000eacc7d82, R11=0x000000005d31726b
R12=0x00007fa825000000, R13=0x00000006fb2d9246, R14=0xb92100fe00ffb0ca, R15=0x00007fa821e001b0
RIP=0x000000010db333a9, EFLAGS=0x0000000000010202, ERR=0x0000000000000000
  TRAPNO=0x000000000000000d

Top of Stack: (sp=0x000000011d9669f0)
0x000000011d9669f0:   00007fa825000000 0000000000000000
0x000000011d966a00:   0000000000000000 0000000000000000
0x000000011d966a10:   00007fa825000000 00007fa825000000
0x000000011d966a20:   000000011d966a8b 000000011d966a90
0x000000011d966a30:   00000006fb2d9246 000000000000000e
0x000000011d966a40:   000000011d966a60 000000010c7b91f8
0x000000011d966a50:   0000000000000001 000000011d966b08
0x000000011d966a60:   000000011d966ad0 000000010c79e02b
0x000000011d966a70:   000000011d966aa0 00007fa821f11800
0x000000011d966a80:   0000000f00000032 0000000100966b08
0x000000011d966a90:   0000000000000000 0000000000000000
0x000000011d966aa0:   0000000000000000 000000011d966c90
0x000000011d966ab0:   000000010c7c0dc0 00007fa821f114a0
0x000000011d966ac0:   000000011d966b08 000000010c7cc578
0x000000011d966ad0:   000000011d966ae0 000000010c79e124
0x000000011d966ae0:   000000011d966d00 000000010c7a76b2
0x000000011d966af0:   000002e600000013 00000000000f0200
0x000000011d966b00:   00007fa821f31cc0 00007fa821f3203e
0x000000011d966b10:   00007fa80000005a 00007fa821f11150
0x000000011d966b20:   00007fa80000012c 000000011d966b58
0x000000011d966b30:   00007fa821f11150 00007f0000000000
0x000000011d966b40:   000002e60000001c 00007fff00001e80
0x000000011d966b50:   000000011d966b58 a87f00000f000000
0x000000011d966b60:   08000000e810d021 3e74696e696c633c
0x000000011d966b70:   0056292803000000 0008000000000000
0x000000011d966b80:   004811d021a87f00 4174736574080000
0x000000011d966b90:   2803000000736772 0000000000005629
0x000000011d966ba0:   f121a87f00000100 72630d000000a00f
0x000000011d966bb0:   64726f5765746165 2884000000746553
0x000000011d966bc0:   6c6d782f67726f4c 2f696d612f6c6d63
0x000000011d966bd0:   2f726f7469736976 6c616e4164726f57
0x000000011d966be0:   726f4c3b72657a79 6c6d636c6d782f67 

Instructions: (pc=0x000000010db333a9)
0x000000010db33389:   49 39 c6 74 e7 4d 85 f6 74 e2 48 8d 05 f6 f8 4c
0x000000010db33399:   00 80 38 00 74 16 48 8d 05 1a d2 43 00 8a 48 08
0x000000010db333a9:   41 8b 7e 08 48 d3 e7 48 03 38 eb 04 49 8b 7e 08
0x000000010db333b9:   48 8b 47 10 48 83 c7 10 ff 90 20 01 00 00 84 c0 

Register to memory mapping:

RAX=0x000000010df705c0: _ZN8Universe11_narrow_oopE+0 in /Library/Java/JavaVirtualMachines/jdk1.7.0_51.jdk/Contents/Home/jre/lib/server/libjvm.dylib at 0x000000010d800000
RBX=0x000000011d966a8b is pointing into the stack for thread: 0x00007fa825000000
RCX=0x00000000000fc003 is an unknown value
RDX=0x000000011d966a8b is pointing into the stack for thread: 0x00007fa825000000
RSP=0x000000011d9669f0 is pointing into the stack for thread: 0x00007fa825000000
RBP=0x000000011d966a40 is pointing into the stack for thread: 0x00007fa825000000
RSI=0x00007fa825000000 is a thread
RDI=0x00007fa821e001b0 is an unknown value
R8 =0x00007fa821f11760 is an unknown value
R9 =0x0000000000000000 is an unknown value
R10=0x00000000eacc7d82 is an unknown value
R11=0x000000005d31726b is an unknown value
R12=0x00007fa825000000 is a thread
R13=0x00000006fb2d9246 is pointing into object: 0x00000006fb2d9148
{constMethod} 
 - klass: {other class}
 - constants:       0x00000006fb2d77a8 constant pool [366] for 'org/xmlcml/ami/visitor/SimpleSearcher' cache=0x00000006fb4bd908
 - stackmap data:       [B
bci_from(0x6fb2d9246) = 190; print_codes():
R14=0xb92100fe00ffb0ca is an unknown value
R15=0x00007fa821e001b0 is an unknown value


Stack: [0x000000011d867000,0x000000011d967000],  sp=0x000000011d9669f0,  free space=1022k
Native frames: (J=compiled Java code, j=interpreted, Vv=VM code, C=native code)
V  [libjvm.dylib+0x3333a9]  jvmti_IsMethodSynthetic+0xe6
C  [libjdwp.dylib+0x201f8]  isMethodSynthetic+0x63
C  [libjdwp.dylib+0x502b]  methods1+0x10b
C  [libjdwp.dylib+0x5124]  methodsWithGeneric+0xe
C  [libjdwp.dylib+0xe6b2]  debugLoop_run+0x1ce
C  [libjdwp.dylib+0x1f132]  attachThread+0x4d
V  [libjvm.dylib+0x373f9e]  JvmtiAgentThread::call_start_function()+0x38
V  [libjvm.dylib+0x4efb57]  JavaThread::thread_main_inner()+0x9b
V  [libjvm.dylib+0x4f125f]  JavaThread::run()+0x1a3
V  [libjvm.dylib+0x41b1d6]  java_start(Thread*)+0x126
C  [libsystem_pthread.dylib+0x1899]  _pthread_body+0x8a
C  [libsystem_pthread.dylib+0x172a]  _pthread_struct_init+0x0
C  [libsystem_pthread.dylib+0x5fc9]  thread_start+0xd


---------------  P R O C E S S  ---------------

Java Threads: ( => current thread )
  0x00007fa82403b000 JavaThread "ReaderThread" [_thread_in_native, id=23811, stack(0x000000011e57b000,0x000000011e67b000)]
  0x00007fa822815000 JavaThread "Service Thread" daemon [_thread_blocked, id=22787, stack(0x000000011dd76000,0x000000011de76000)]
  0x00007fa824803000 JavaThread "C2 CompilerThread1" daemon [_thread_blocked, id=22275, stack(0x000000011dc73000,0x000000011dd73000)]
  0x00007fa822046800 JavaThread "C2 CompilerThread0" daemon [_thread_blocked, id=21763, stack(0x000000011db70000,0x000000011dc70000)]
  0x00007fa82203c000 JavaThread "JDWP Command Reader" daemon [_thread_in_native, id=21251, stack(0x000000011da6d000,0x000000011db6d000)]
  0x00007fa824039800 JavaThread "JDWP Event Helper Thread" daemon [_thread_blocked, id=20739, stack(0x000000011d96a000,0x000000011da6a000)]
=>0x00007fa825000000 JavaThread "JDWP Transport Listener: dt_socket" daemon [_thread_in_vm, id=20227, stack(0x000000011d867000,0x000000011d967000)]
  0x00007fa822036800 JavaThread "Signal Dispatcher" daemon [_thread_blocked, id=19715, stack(0x000000011d75e000,0x000000011d85e000)]
  0x00007fa823806800 JavaThread "Finalizer" daemon [_thread_blocked, id=14595, stack(0x000000011d51c000,0x000000011d61c000)]
  0x00007fa82280c800 JavaThread "Reference Handler" daemon [_thread_blocked, id=14083, stack(0x000000011d419000,0x000000011d519000)]
  0x00007fa82200a000 JavaThread "main" [_thread_blocked, id=6403, stack(0x000000010c659000,0x000000010c759000)]

Other Threads:
  0x00007fa82280c000 VMThread [stack: 0x000000011d316000,0x000000011d416000] [id=13571]
  0x00007fa823812000 WatcherThread [stack: 0x000000011de79000,0x000000011df79000] [id=23299]

VM state:not at safepoint (normal execution)

VM Mutex/Monitor currently owned by a thread: None

Heap
 PSYoungGen      total 76800K, used 40466K [0x00000007aaa80000, 0x00000007b0000000, 0x0000000800000000)
  eden space 66048K, 61% used [0x00000007aaa80000,0x00000007ad204b08,0x00000007aeb00000)
  from space 10752K, 0% used [0x00000007af580000,0x00000007af580000,0x00000007b0000000)
  to   space 10752K, 0% used [0x00000007aeb00000,0x00000007aeb00000,0x00000007af580000)
 ParOldGen       total 174592K, used 0K [0x0000000700000000, 0x000000070aa80000, 0x00000007aaa80000)
  object space 174592K, 0% used [0x0000000700000000,0x0000000700000000,0x000000070aa80000)
 PSPermGen       total 21504K, used 7163K [0x00000006fae00000, 0x00000006fc300000, 0x0000000700000000)
  object space 21504K, 33% used [0x00000006fae00000,0x00000006fb4fed38,0x00000006fc300000)

Card table byte_map: [0x0000000111313000,0x0000000111b3d000] byte_map_base: 0x000000010db3c000

Polling page: 0x000000010c798000

Code Cache  [0x000000010e253000, 0x000000010e4c3000, 0x0000000111253000)
 total_blobs=368 nmethods=142 adapters=188 free_code_cache=48326Kb largest_free_block=49459968

Compilation events (10 events):
Event: 8.958 Thread 0x00007fa824803000  138             nu.xom.JaxenNavigator::isElement (5 bytes)
Event: 8.958 Thread 0x00007fa824803000 nmethod 138 0x000000010e30d3d0 code [0x000000010e30d500, 0x000000010e30d598]
Event: 8.964 Thread 0x00007fa822046800  139             java.util.HashMap::containsKey (14 bytes)
Event: 8.965 Thread 0x00007fa824803000  140             nu.xom.jaxen.Context::getNavigator (8 bytes)
Event: 8.966 Thread 0x00007fa824803000 nmethod 140 0x000000010e30d110 code [0x000000010e30d260, 0x000000010e30d318]
Event: 8.966 Thread 0x00007fa822046800 nmethod 139 0x000000010e324810 code [0x000000010e324980, 0x000000010e324be8]
Event: 8.968 Thread 0x00007fa824803000  141             java.util.ArrayList$Itr::<init> (6 bytes)
Event: 8.968 Thread 0x00007fa822046800  142             java.util.ArrayList$Itr::<init> (26 bytes)
Event: 8.969 Thread 0x00007fa822046800 nmethod 142 0x000000010e30ce50 code [0x000000010e30cfa0, 0x000000010e30d078]
Event: 8.969 Thread 0x00007fa824803000 nmethod 141 0x000000010e3244d0 code [0x000000010e324620, 0x000000010e324718]

GC Heap History (0 events):
No events

Deoptimization events (6 events):
Event: 0.241 Thread 0x00007fa82200a000 Uncommon trap: reason=unreached action=reinterpret pc=0x000000010e2bdd38 method=java.util.jar.JarFile.hasClassPathAttribute()Z @ 30
Event: 0.385 Thread 0x00007fa82200a000 Uncommon trap: reason=unreached action=reinterpret pc=0x000000010e2c7554 method=sun.misc.URLClassPath$JarLoader.ensureOpen()V @ 4
Event: 0.540 Thread 0x00007fa82200a000 Uncommon trap: reason=unreached action=reinterpret pc=0x000000010e2c65fc method=java.util.zip.ZipCoder.encoder()Ljava/nio/charset/CharsetEncoder; @ 4
Event: 0.661 Thread 0x00007fa82200a000 Uncommon trap: reason=null_check action=make_not_entrant pc=0x000000010e2bf58c method=java.lang.String.equals(Ljava/lang/Object;)Z @ 8
Event: 8.931 Thread 0x00007fa82200a000 Uncommon trap: reason=class_check action=maybe_recompile pc=0x000000010e313a74 method=nu.xom.jaxen.util.DescendantAxisIterator.hasNext()Z @ 41
Event: 8.970 Thread 0x00007fa82200a000 Uncommon trap: reason=unreached action=reinterpret pc=0x000000010e30b40c method=java.util.HashSet.add(Ljava/lang/Object;)Z @ 11

Internal exceptions (10 events):
Event: 8.904 Thread 0x00007fa82200a000 Threw 0x00000007acea8bf0 at /HUDSON/workspace/7u-2-build-macosx-x86_64/jdk7u51/527/hotspot/src/share/vm/prims/jvm.cpp:1244
Event: 8.904 Thread 0x00007fa82200a000 Threw 0x00000007aceb0b60 at /HUDSON/workspace/7u-2-build-macosx-x86_64/jdk7u51/527/hotspot/src/share/vm/prims/jvm.cpp:1244
Event: 8.905 Thread 0x00007fa82200a000 Threw 0x00000007aceb8ca0 at /HUDSON/workspace/7u-2-build-macosx-x86_64/jdk7u51/527/hotspot/src/share/vm/prims/jvm.cpp:1244
Event: 8.905 Thread 0x00007fa82200a000 Threw 0x00000007acf76e40 at /HUDSON/workspace/7u-2-build-macosx-x86_64/jdk7u51/527/hotspot/src/share/vm/prims/jvm.cpp:1244
Event: 8.905 Thread 0x00007fa82200a000 Threw 0x00000007acf7ffa8 at /HUDSON/workspace/7u-2-build-macosx-x86_64/jdk7u51/527/hotspot/src/share/vm/prims/jvm.cpp:1244
Event: 8.970 Thread 0x00007fa82200a000 Threw 0x00000007ad1bbd50 at /HUDSON/workspace/7u-2-build-macosx-x86_64/jdk7u51/527/hotspot/src/share/vm/prims/jvm.cpp:1244
Event: 8.971 Thread 0x00007fa82200a000 Threw 0x00000007ad1c6718 at /HUDSON/workspace/7u-2-build-macosx-x86_64/jdk7u51/527/hotspot/src/share/vm/prims/jvm.cpp:1244
Event: 8.972 Thread 0x00007fa82200a000 Threw 0x00000007ad1dd9b0 at /HUDSON/workspace/7u-2-build-macosx-x86_64/jdk7u51/527/hotspot/src/share/vm/prims/jvm.cpp:1244
Event: 8.972 Thread 0x00007fa82200a000 Threw 0x00000007ad1e4900 at /HUDSON/workspace/7u-2-build-macosx-x86_64/jdk7u51/527/hotspot/src/share/vm/prims/jvm.cpp:1244
Event: 8.973 Thread 0x00007fa82200a000 Threw 0x00000007ad1ed3f0 at /HUDSON/workspace/7u-2-build-macosx-x86_64/jdk7u51/527/hotspot/src/share/vm/prims/jvm.cpp:1244

Events (10 events):
Event: 58.641 Executing VM operation: GetOrSetLocal
Event: 58.641 Executing VM operation: GetOrSetLocal done
Event: 994.318 Executing VM operation: RedefineClasses
Event: 994.319 Executing VM operation: RedefineClasses done
Event: 5744.394 Executing VM operation: RedefineClasses
Event: 5744.395 Executing VM operation: RedefineClasses done
Event: 5744.401 Executing VM operation: ChangeBreakpoints
Event: 5744.402 Executing VM operation: ChangeBreakpoints done
Event: 6416.855 Executing VM operation: RedefineClasses
Event: 6416.856 Executing VM operation: RedefineClasses done


Dynamic libraries:
0x0000000009833000 	/System/Library/Frameworks/Cocoa.framework/Versions/A/Cocoa
0x0000000009833000 	/System/Library/Frameworks/Security.framework/Versions/A/Security
0x0000000009833000 	/System/Library/Frameworks/ApplicationServices.framework/Versions/A/ApplicationServices
0x0000000009833000 	/usr/lib/libz.1.dylib
0x0000000009833000 	/usr/lib/libSystem.B.dylib
0x0000000009833000 	/usr/lib/libobjc.A.dylib
0x0000000009833000 	/System/Library/Frameworks/CoreFoundation.framework/Versions/A/CoreFoundation
0x0000000009833000 	/System/Library/Frameworks/Foundation.framework/Versions/C/Foundation
0x0000000009833000 	/System/Library/Frameworks/AppKit.framework/Versions/C/AppKit
0x0000000009833000 	/System/Library/Frameworks/CoreData.framework/Versions/A/CoreData
0x0000000009833000 	/System/Library/PrivateFrameworks/RemoteViewServices.framework/Versions/A/RemoteViewServices
0x0000000009833000 	/System/Library/Frameworks/AudioToolbox.framework/Versions/A/AudioToolbox
0x0000000009833000 	/System/Library/Frameworks/AudioUnit.framework/Versions/A/AudioUnit
0x0000000009833000 	/System/Library/PrivateFrameworks/DataDetectorsCore.framework/Versions/A/DataDetectorsCore
0x0000000009833000 	/System/Library/PrivateFrameworks/DesktopServicesPriv.framework/Versions/A/DesktopServicesPriv
0x0000000009833000 	/System/Library/Frameworks/Carbon.framework/Versions/A/Frameworks/HIToolbox.framework/Versions/A/HIToolbox
0x0000000009833000 	/System/Library/Frameworks/QuartzCore.framework/Versions/A/QuartzCore
0x0000000009833000 	/System/Library/Frameworks/Carbon.framework/Versions/A/Frameworks/SpeechRecognition.framework/Versions/A/SpeechRecognition
0x0000000009833000 	/usr/lib/libauto.dylib
0x0000000009833000 	/usr/lib/libicucore.A.dylib
0x0000000009833000 	/usr/lib/libxml2.2.dylib
0x0000000009833000 	/System/Library/PrivateFrameworks/CoreUI.framework/Versions/A/CoreUI
0x0000000009833000 	/System/Library/Frameworks/CoreAudio.framework/Versions/A/CoreAudio
0x0000000009833000 	/System/Library/Frameworks/DiskArbitration.framework/Versions/A/DiskArbitration
0x0000000009833000 	/usr/lib/liblangid.dylib
0x0000000009833000 	/System/Library/PrivateFrameworks/MultitouchSupport.framework/Versions/A/MultitouchSupport
0x0000000009833000 	/System/Library/Frameworks/IOKit.framework/Versions/A/IOKit
0x0000000009833000 	/usr/lib/libDiagnosticMessagesClient.dylib
0x0000000009833000 	/System/Library/Frameworks/CoreServices.framework/Versions/A/CoreServices
0x0000000009833000 	/System/Library/PrivateFrameworks/PerformanceAnalysis.framework/Versions/A/PerformanceAnalysis
0x0000000009833000 	/System/Library/PrivateFrameworks/GenerationalStorage.framework/Versions/A/GenerationalStorage
0x0000000009833000 	/System/Library/Frameworks/OpenGL.framework/Versions/A/OpenGL
0x0000000009833000 	/System/Library/PrivateFrameworks/Sharing.framework/Versions/A/Sharing
0x0000000009833000 	/System/Library/Frameworks/ImageIO.framework/Versions/A/ImageIO
0x0000000009833000 	/System/Library/Frameworks/CoreText.framework/Versions/A/CoreText
0x0000000009833000 	/System/Library/Frameworks/CoreGraphics.framework/Versions/A/CoreGraphics
0x0000000009833000 	/System/Library/PrivateFrameworks/Backup.framework/Versions/A/Backup
0x0000000009833000 	/System/Library/Frameworks/CFNetwork.framework/Versions/A/CFNetwork
0x0000000009833000 	/System/Library/Frameworks/SystemConfiguration.framework/Versions/A/SystemConfiguration
0x0000000009833000 	/usr/lib/libCRFSuite.dylib
0x0000000009833000 	/usr/lib/libc++.1.dylib
0x0000000009833000 	/usr/lib/libc++abi.dylib
0x0000000009833000 	/usr/lib/system/libcache.dylib
0x0000000009833000 	/usr/lib/system/libcommonCrypto.dylib
0x0000000009833000 	/usr/lib/system/libcompiler_rt.dylib
0x0000000009833000 	/usr/lib/system/libcopyfile.dylib
0x0000000009833000 	/usr/lib/system/libcorecrypto.dylib
0x0000000009833000 	/usr/lib/system/libdispatch.dylib
0x0000000009833000 	/usr/lib/system/libdyld.dylib
0x0000000009833000 	/usr/lib/system/libkeymgr.dylib
0x0000000009833000 	/usr/lib/system/liblaunch.dylib
0x0000000009833000 	/usr/lib/system/libmacho.dylib
0x0000000009833000 	/usr/lib/system/libquarantine.dylib
0x0000000009833000 	/usr/lib/system/libremovefile.dylib
0x0000000009833000 	/usr/lib/system/libsystem_asl.dylib
0x0000000009833000 	/usr/lib/system/libsystem_blocks.dylib
0x0000000009833000 	/usr/lib/system/libsystem_c.dylib
0x0000000009833000 	/usr/lib/system/libsystem_configuration.dylib
0x0000000009833000 	/usr/lib/system/libsystem_dnssd.dylib
0x0000000009833000 	/usr/lib/system/libsystem_info.dylib
0x0000000009833000 	/usr/lib/system/libsystem_kernel.dylib
0x0000000009833000 	/usr/lib/system/libsystem_m.dylib
0x0000000009833000 	/usr/lib/system/libsystem_malloc.dylib
0x0000000009833000 	/usr/lib/system/libsystem_network.dylib
0x0000000009833000 	/usr/lib/system/libsystem_notify.dylib
0x0000000009833000 	/usr/lib/system/libsystem_platform.dylib
0x0000000009833000 	/usr/lib/system/libsystem_pthread.dylib
0x0000000009833000 	/usr/lib/system/libsystem_sandbox.dylib
0x0000000009833000 	/usr/lib/system/libsystem_stats.dylib
0x0000000009833000 	/usr/lib/system/libunc.dylib
0x0000000009833000 	/usr/lib/system/libunwind.dylib
0x0000000009833000 	/usr/lib/system/libxpc.dylib
0x0000000009833000 	/usr/lib/libbsm.0.dylib
0x0000000009833000 	/usr/lib/libsqlite3.dylib
0x0000000009833000 	/usr/lib/libxar.1.dylib
0x0000000009833000 	/usr/lib/libpam.2.dylib
0x0000000009833000 	/usr/lib/libOpenScriptingUtil.dylib
0x0000000009833000 	/usr/lib/libbz2.1.0.dylib
0x0000000009833000 	/System/Library/Frameworks/CoreServices.framework/Versions/A/Frameworks/CarbonCore.framework/Versions/A/CarbonCore
0x0000000009833000 	/System/Library/Frameworks/CoreServices.framework/Versions/A/Frameworks/Metadata.framework/Versions/A/Metadata
0x0000000009833000 	/System/Library/Frameworks/CoreServices.framework/Versions/A/Frameworks/OSServices.framework/Versions/A/OSServices
0x0000000009833000 	/System/Library/Frameworks/CoreServices.framework/Versions/A/Frameworks/SearchKit.framework/Versions/A/SearchKit
0x0000000009833000 	/System/Library/Frameworks/CoreServices.framework/Versions/A/Frameworks/AE.framework/Versions/A/AE
0x0000000009833000 	/System/Library/Frameworks/CoreServices.framework/Versions/A/Frameworks/LaunchServices.framework/Versions/A/LaunchServices
0x0000000009833000 	/System/Library/Frameworks/CoreServices.framework/Versions/A/Frameworks/DictionaryServices.framework/Versions/A/DictionaryServices
0x0000000009833000 	/System/Library/Frameworks/NetFS.framework/Versions/A/NetFS
0x0000000009833000 	/usr/lib/system/libkxld.dylib
0x0000000009833000 	/System/Library/PrivateFrameworks/NetAuth.framework/Versions/A/NetAuth
0x0000000009833000 	/System/Library/PrivateFrameworks/TCC.framework/Versions/A/TCC
0x0000000009833000 	/System/Library/Frameworks/OpenDirectory.framework/Versions/A/Frameworks/CFOpenDirectory.framework/Versions/A/CFOpenDirectory
0x0000000009833000 	/System/Library/Frameworks/ServiceManagement.framework/Versions/A/ServiceManagement
0x0000000009833000 	/usr/lib/libxslt.1.dylib
0x0000000009833000 	/System/Library/Frameworks/Carbon.framework/Versions/A/Frameworks/Ink.framework/Versions/A/Ink
0x0000000009833000 	/System/Library/Frameworks/ApplicationServices.framework/Versions/A/Frameworks/ATS.framework/Versions/A/ATS
0x0000000009833000 	/System/Library/Frameworks/ApplicationServices.framework/Versions/A/Frameworks/ColorSync.framework/Versions/A/ColorSync
0x0000000009833000 	/System/Library/Frameworks/ApplicationServices.framework/Versions/A/Frameworks/HIServices.framework/Versions/A/HIServices
0x0000000009833000 	/System/Library/Frameworks/ApplicationServices.framework/Versions/A/Frameworks/LangAnalysis.framework/Versions/A/LangAnalysis
0x0000000009833000 	/System/Library/Frameworks/ApplicationServices.framework/Versions/A/Frameworks/PrintCore.framework/Versions/A/PrintCore
0x0000000009833000 	/System/Library/Frameworks/ApplicationServices.framework/Versions/A/Frameworks/QD.framework/Versions/A/QD
0x0000000009833000 	/System/Library/Frameworks/ApplicationServices.framework/Versions/A/Frameworks/SpeechSynthesis.framework/Versions/A/SpeechSynthesis
0x0000000009833000 	/System/Library/Frameworks/IOSurface.framework/Versions/A/IOSurface
0x0000000009833000 	/System/Library/Frameworks/Accelerate.framework/Versions/A/Accelerate
0x0000000009833000 	/System/Library/Frameworks/Accelerate.framework/Versions/A/Frameworks/vImage.framework/Versions/A/vImage
0x0000000009833000 	/System/Library/Frameworks/Accelerate.framework/Versions/A/Frameworks/vecLib.framework/Versions/A/vecLib
0x0000000009833000 	/System/Library/Frameworks/Accelerate.framework/Versions/A/Frameworks/vecLib.framework/Versions/A/libvDSP.dylib
0x0000000009833000 	/System/Library/Frameworks/Accelerate.framework/Versions/A/Frameworks/vecLib.framework/Versions/A/libvMisc.dylib
0x0000000009833000 	/System/Library/Frameworks/Accelerate.framework/Versions/A/Frameworks/vecLib.framework/Versions/A/libLAPACK.dylib
0x0000000009833000 	/System/Library/Frameworks/Accelerate.framework/Versions/A/Frameworks/vecLib.framework/Versions/A/libBLAS.dylib
0x0000000009833000 	/System/Library/Frameworks/ApplicationServices.framework/Versions/A/Frameworks/ATS.framework/Versions/A/Resources/libFontParser.dylib
0x0000000009833000 	/System/Library/Frameworks/ApplicationServices.framework/Versions/A/Frameworks/ATS.framework/Versions/A/Resources/libFontRegistry.dylib
0x0000000009833000 	/System/Library/Frameworks/ImageIO.framework/Versions/A/Resources/libJPEG.dylib
0x0000000009833000 	/System/Library/Frameworks/ImageIO.framework/Versions/A/Resources/libTIFF.dylib
0x0000000009833000 	/System/Library/Frameworks/ImageIO.framework/Versions/A/Resources/libPng.dylib
0x0000000009833000 	/System/Library/Frameworks/ImageIO.framework/Versions/A/Resources/libGIF.dylib
0x0000000009833000 	/System/Library/Frameworks/ImageIO.framework/Versions/A/Resources/libJP2.dylib
0x0000000009833000 	/System/Library/Frameworks/ImageIO.framework/Versions/A/Resources/libRadiance.dylib
0x0000000009833000 	/usr/lib/libcups.2.dylib
0x0000000009833000 	/System/Library/Frameworks/Kerberos.framework/Versions/A/Kerberos
0x0000000009833000 	/System/Library/Frameworks/GSS.framework/Versions/A/GSS
0x0000000009833000 	/usr/lib/libresolv.9.dylib
0x0000000009833000 	/usr/lib/libiconv.2.dylib
0x0000000009833000 	/System/Library/PrivateFrameworks/Heimdal.framework/Versions/A/Heimdal
0x0000000009833000 	/System/Library/PrivateFrameworks/TrustEvaluationAgent.framework/Versions/A/TrustEvaluationAgent
0x0000000009833000 	/usr/lib/libheimdal-asn1.dylib
0x0000000009833000 	/System/Library/Frameworks/OpenDirectory.framework/Versions/A/OpenDirectory
0x0000000009833000 	/System/Library/PrivateFrameworks/CommonAuth.framework/Versions/A/CommonAuth
0x0000000009833000 	/System/Library/Frameworks/SecurityFoundation.framework/Versions/A/SecurityFoundation
0x0000000009833000 	/System/Library/PrivateFrameworks/Bom.framework/Versions/A/Bom
0x0000000009833000 	/System/Library/Frameworks/CoreVideo.framework/Versions/A/CoreVideo
0x0000000009833000 	/System/Library/Frameworks/QuartzCore.framework/Versions/A/Frameworks/CoreImage.framework/Versions/A/CoreImage
0x0000000009833000 	/System/Library/Frameworks/QuartzCore.framework/Versions/A/Frameworks/ScalableUserInterface.framework/Versions/A/ScalableUserInterface
0x0000000009833000 	/System/Library/Frameworks/OpenGL.framework/Versions/A/Libraries/libGLU.dylib
0x0000000009833000 	/System/Library/Frameworks/OpenGL.framework/Versions/A/Libraries/libGFXShared.dylib
0x0000000009833000 	/System/Library/Frameworks/OpenGL.framework/Versions/A/Libraries/libGL.dylib
0x0000000009833000 	/System/Library/Frameworks/OpenGL.framework/Versions/A/Libraries/libGLImage.dylib
0x0000000009833000 	/System/Library/Frameworks/OpenGL.framework/Versions/A/Libraries/libCVMSPluginSupport.dylib
0x0000000009833000 	/System/Library/Frameworks/OpenGL.framework/Versions/A/Libraries/libCoreVMClient.dylib
0x0000000009833000 	/System/Library/PrivateFrameworks/FaceCore.framework/Versions/A/FaceCore
0x0000000009833000 	/System/Library/PrivateFrameworks/CrashReporterSupport.framework/Versions/A/CrashReporterSupport
0x0000000009833000 	/System/Library/Frameworks/OpenCL.framework/Versions/A/OpenCL
0x0000000009833000 	/System/Library/PrivateFrameworks/AppleFSCompression.framework/Versions/A/AppleFSCompression
0x0000000009833000 	/System/Library/PrivateFrameworks/Ubiquity.framework/Versions/A/Ubiquity
0x0000000009833000 	/System/Library/PrivateFrameworks/IconServices.framework/Versions/A/IconServices
0x0000000009833000 	/System/Library/PrivateFrameworks/ChunkingLibrary.framework/Versions/A/ChunkingLibrary
0x0000000009833000 	/System/Library/PrivateFrameworks/CoreSymbolication.framework/Versions/A/CoreSymbolication
0x0000000009833000 	/System/Library/PrivateFrameworks/Symbolication.framework/Versions/A/Symbolication
0x0000000009833000 	/System/Library/PrivateFrameworks/DebugSymbols.framework/Versions/A/DebugSymbols
0x000000010d800000 	/Library/Java/JavaVirtualMachines/jdk1.7.0_51.jdk/Contents/Home/jre/lib/server/libjvm.dylib
0x0000000009833000 	/usr/lib/libstdc++.6.dylib
0x000000010c75b000 	/Library/Java/JavaVirtualMachines/jdk1.7.0_51.jdk/Contents/Home/jre/lib/libverify.dylib
0x000000010c768000 	/Library/Java/JavaVirtualMachines/jdk1.7.0_51.jdk/Contents/Home/jre/lib/libjava.dylib
0x000000010c799000 	/Library/Java/JavaVirtualMachines/jdk1.7.0_51.jdk/Contents/Home/jre/lib/libjdwp.dylib
0x000000010c7d6000 	/Library/Java/JavaVirtualMachines/jdk1.7.0_51.jdk/Contents/Home/jre/lib/libnpt.dylib
0x000000010c7e3000 	/Library/Java/JavaVirtualMachines/jdk1.7.0_51.jdk/Contents/Home/jre/lib/libzip.dylib
0x000000011d61e000 	/System/Library/Frameworks/JavaVM.framework/Frameworks/JavaRuntimeSupport.framework/JavaRuntimeSupport
0x000000011d636000 	/System/Library/Frameworks/JavaVM.framework/Versions/A/Frameworks/JavaNativeFoundation.framework/Versions/A/JavaNativeFoundation
0x000000010c7ed000 	/System/Library/Frameworks/JavaVM.framework/Versions/A/JavaVM
0x0000000009833000 	/System/Library/Frameworks/Carbon.framework/Versions/A/Carbon
0x000000011d64b000 	/System/Library/PrivateFrameworks/JavaLaunching.framework/Versions/A/JavaLaunching
0x0000000009833000 	/System/Library/Frameworks/Carbon.framework/Versions/A/Frameworks/CommonPanels.framework/Versions/A/CommonPanels
0x0000000009833000 	/System/Library/Frameworks/Carbon.framework/Versions/A/Frameworks/Help.framework/Versions/A/Help
0x0000000009833000 	/System/Library/Frameworks/Carbon.framework/Versions/A/Frameworks/ImageCapture.framework/Versions/A/ImageCapture
0x0000000009833000 	/System/Library/Frameworks/Carbon.framework/Versions/A/Frameworks/OpenScripting.framework/Versions/A/OpenScripting
0x0000000009833000 	/System/Library/Frameworks/Carbon.framework/Versions/A/Frameworks/Print.framework/Versions/A/Print
0x0000000009833000 	/System/Library/Frameworks/Carbon.framework/Versions/A/Frameworks/SecurityHI.framework/Versions/A/SecurityHI
0x000000011d860000 	/Library/Java/JavaVirtualMachines/jdk1.7.0_51.jdk/Contents/Home/jre/lib/libdt_socket.dylib
0x000000011e51d000 	/Library/Java/JavaVirtualMachines/jdk1.7.0_51.jdk/Contents/Home/jre/lib/libnet.dylib

VM Arguments:
jvm_args: -agentlib:jdwp=transport=dt_socket,suspend=y,address=localhost:57991 -Dfile.encoding=UTF-8 
java_command: org.eclipse.jdt.internal.junit.runner.RemoteTestRunner -version 3 -port 57990 -testLoaderClass org.eclipse.jdt.internal.junit4.runner.JUnit4TestLoader -loaderpluginname org.eclipse.jdt.junit4.runtime -classNames org.xmlcml.ami.visitor.SimpleVisitorTest
Launcher Type: SUN_STANDARD

Environment Variables:
PATH=/usr/bin:/bin:/usr/sbin:/sbin
SHELL=/bin/bash
DISPLAY=/tmp/launch-mT8RyX/org.macosforge.xquartz:0

Signal Handlers:
SIGSEGV: [libjvm.dylib+0x525425], sa_mask[0]=0xfffefeff, sa_flags=0x00000043
SIGBUS: [libjvm.dylib+0x525425], sa_mask[0]=0xfffefeff, sa_flags=0x00000042
SIGFPE: [libjvm.dylib+0x41892a], sa_mask[0]=0xfffefeff, sa_flags=0x00000042
SIGPIPE: [libjvm.dylib+0x41892a], sa_mask[0]=0xfffefeff, sa_flags=0x00000042
SIGXFSZ: [libjvm.dylib+0x41892a], sa_mask[0]=0xfffefeff, sa_flags=0x00000042
SIGILL: [libjvm.dylib+0x41892a], sa_mask[0]=0xfffefeff, sa_flags=0x00000042
SIGUSR1: SIG_DFL, sa_mask[0]=0x00000000, sa_flags=0x00000002
SIGUSR2: [libjvm.dylib+0x41841c], sa_mask[0]=0x00000004, sa_flags=0x00000042
SIGHUP: [libjvm.dylib+0x4166ab], sa_mask[0]=0xfffefeff, sa_flags=0x00000042
SIGINT: [libjvm.dylib+0x4166ab], sa_mask[0]=0xfffefeff, sa_flags=0x00000042
SIGTERM: [libjvm.dylib+0x4166ab], sa_mask[0]=0xfffefeff, sa_flags=0x00000042
SIGQUIT: [libjvm.dylib+0x4166ab], sa_mask[0]=0xfffefeff, sa_flags=0x00000042


---------------  S Y S T E M  ---------------

OS:Bsduname:Darwin 13.4.0 Darwin Kernel Version 13.4.0: Wed Dec 17 19:05:52 PST 2014; root:xnu-2422.115.10~1/RELEASE_X86_64 x86_64
rlimit: STACK 8192k, CORE 0k, NPROC 709, NOFILE 10240, AS infinity
load average:1.07 1.40 1.50

CPU:total 8 (4 cores per cpu, 2 threads per core) family 6 model 70 stepping 1, cmov, cx8, fxsr, mmx, sse, sse2, sse3, ssse3, sse4.1, sse4.2, popcnt, avx, avx2, aes, erms, ht, tsc, tscinvbit

Memory: 4k page, physical 16777216k(4194304k free)

/proc/meminfo:


vm_info: Java HotSpot(TM) 64-Bit Server VM (24.51-b03) for bsd-amd64 JRE (1.7.0_51-b13), built on Dec 18 2013 18:45:56 by "java_re" with gcc 4.2.1 (Based on Apple Inc. build 5658) (LLVM build 2336.11.00)

time: Wed Feb 18 19:00:27 2015
elapsed time: 6416 seconds

